Build started 2015-12-04 00:08:38.
     1>Project "d:\Sources\Cindalnet\ImageCompare\pHash\pHash.vcxproj" on node 2 (Rebuild target(s)).
     1>ClCompile:
         C:\Program Files (x86)\Microsoft Visual Studio 12.0\VC\bin\CL.exe /c /I.\ /ZI /nologo /W3 /WX- /Od /Oy- /D WIN32 /D _DEBUG /D _CONSOLE /D HAVE_IMAGE_HASH /D cimg_use_jpeg /D cimg_use_png /D _CRT_SECURE_NO_WARNINGS /D _WINDLL /D _MBCS /Gm /EHsc /RTC1 /MDd /GS /fp:precise /Zc:wchar_t /Zc:forScope /openmp- /Fo"Debug\\" /Fd"Debug\vc120.pdb" /Gd /TC /analyze- /errorReport:prompt dirent.c phcomplex.c ph_fft.c
         ph_fft.c
         phcomplex.c
         dirent.c
         Generating Code...
         C:\Program Files (x86)\Microsoft Visual Studio 12.0\VC\bin\CL.exe /c /I.\ /ZI /nologo /W3 /WX- /Od /Oy- /D WIN32 /D _DEBUG /D _CONSOLE /D HAVE_IMAGE_HASH /D cimg_use_jpeg /D cimg_use_png /D _CRT_SECURE_NO_WARNINGS /D _WINDLL /D _MBCS /Gm /EHsc /RTC1 /MDd /GS /fp:precise /Zc:wchar_t /Zc:forScope /openmp- /Fo"Debug\\" /Fd"Debug\vc120.pdb" /Gd /TP /analyze- /errorReport:prompt pHash.cpp
         pHash.cpp
       Link:
         C:\Program Files (x86)\Microsoft Visual Studio 12.0\VC\bin\link.exe /ERRORREPORT:PROMPT /OUT:"D:\Sources\Cindalnet\ImageCompare\Debug\pHash.dll" /INCREMENTAL /NOLOGO "libjpeg-static-mt.lib" libpng.lib kernel32.lib user32.lib gdi32.lib winspool.lib comdlg32.lib advapi32.lib shell32.lib ole32.lib oleaut32.lib uuid.lib odbc32.lib odbccp32.lib /MANIFEST /MANIFESTUAC:"level='asInvoker' uiAccess='false'" /manifest:embed /DEBUG /PDB:"D:\Sources\Cindalnet\ImageCompare\Debug\pHash.pdb" /SUBSYSTEM:CONSOLE /TLBID:1 /DYNAMICBASE /NXCOMPAT /IMPLIB:"D:\Sources\Cindalnet\ImageCompare\Debug\pHash.lib" /MACHINE:X86 /SAFESEH /DLL Debug\dirent.obj
         Debug\pHash.obj
         Debug\phcomplex.obj
         Debug\ph_fft.obj
     1>dirent.obj : warning LNK4075: ignoring '/EDITANDCONTINUE' due to '/SAFESEH' specification
            Creating library D:\Sources\Cindalnet\ImageCompare\Debug\pHash.lib and object D:\Sources\Cindalnet\ImageCompare\Debug\pHash.exp
     1>LINK : warning LNK4098: defaultlib 'LIBCMT' conflicts with use of other libs; use /NODEFAULTLIB:library
     1>libjpeg-static-mt.lib(jcomapi.obj) : warning LNK4099: PDB 'libjpeg-static-mt.pdb' was not found with 'libjpeg-static-mt.lib(jcomapi.obj)' or at 'D:\Sources\Cindalnet\ImageCompare\Debug\libjpeg-static-mt.pdb'; linking object as if no debug info
     1>libjpeg-static-mt.lib(jdapimin.obj) : warning LNK4099: PDB 'libjpeg-static-mt.pdb' was not found with 'libjpeg-static-mt.lib(jdapimin.obj)' or at 'D:\Sources\Cindalnet\ImageCompare\Debug\libjpeg-static-mt.pdb'; linking object as if no debug info
     1>libjpeg-static-mt.lib(jdapistd.obj) : warning LNK4099: PDB 'libjpeg-static-mt.pdb' was not found with 'libjpeg-static-mt.lib(jdapistd.obj)' or at 'D:\Sources\Cindalnet\ImageCompare\Debug\libjpeg-static-mt.pdb'; linking object as if no debug info
     1>libjpeg-static-mt.lib(jdatasrc.obj) : warning LNK4099: PDB 'libjpeg-static-mt.pdb' was not found with 'libjpeg-static-mt.lib(jdatasrc.obj)' or at 'D:\Sources\Cindalnet\ImageCompare\Debug\libjpeg-static-mt.pdb'; linking object as if no debug info
     1>libjpeg-static-mt.lib(jdcoefct.obj) : warning LNK4099: PDB 'libjpeg-static-mt.pdb' was not found with 'libjpeg-static-mt.lib(jdcoefct.obj)' or at 'D:\Sources\Cindalnet\ImageCompare\Debug\libjpeg-static-mt.pdb'; linking object as if no debug info
     1>libjpeg-static-mt.lib(jdcolor.obj) : warning LNK4099: PDB 'libjpeg-static-mt.pdb' was not found with 'libjpeg-static-mt.lib(jdcolor.obj)' or at 'D:\Sources\Cindalnet\ImageCompare\Debug\libjpeg-static-mt.pdb'; linking object as if no debug info
     1>libjpeg-static-mt.lib(jddctmgr.obj) : warning LNK4099: PDB 'libjpeg-static-mt.pdb' was not found with 'libjpeg-static-mt.lib(jddctmgr.obj)' or at 'D:\Sources\Cindalnet\ImageCompare\Debug\libjpeg-static-mt.pdb'; linking object as if no debug info
     1>libjpeg-static-mt.lib(jdhuff.obj) : warning LNK4099: PDB 'libjpeg-static-mt.pdb' was not found with 'libjpeg-static-mt.lib(jdhuff.obj)' or at 'D:\Sources\Cindalnet\ImageCompare\Debug\libjpeg-static-mt.pdb'; linking object as if no debug info
     1>libjpeg-static-mt.lib(jdinput.obj) : warning LNK4099: PDB 'libjpeg-static-mt.pdb' was not found with 'libjpeg-static-mt.lib(jdinput.obj)' or at 'D:\Sources\Cindalnet\ImageCompare\Debug\libjpeg-static-mt.pdb'; linking object as if no debug info
     1>libjpeg-static-mt.lib(jdmainct.obj) : warning LNK4099: PDB 'libjpeg-static-mt.pdb' was not found with 'libjpeg-static-mt.lib(jdmainct.obj)' or at 'D:\Sources\Cindalnet\ImageCompare\Debug\libjpeg-static-mt.pdb'; linking object as if no debug info
     1>libjpeg-static-mt.lib(jdmarker.obj) : warning LNK4099: PDB 'libjpeg-static-mt.pdb' was not found with 'libjpeg-static-mt.lib(jdmarker.obj)' or at 'D:\Sources\Cindalnet\ImageCompare\Debug\libjpeg-static-mt.pdb'; linking object as if no debug info
     1>libjpeg-static-mt.lib(jdmaster.obj) : warning LNK4099: PDB 'libjpeg-static-mt.pdb' was not found with 'libjpeg-static-mt.lib(jdmaster.obj)' or at 'D:\Sources\Cindalnet\ImageCompare\Debug\libjpeg-static-mt.pdb'; linking object as if no debug info
     1>libjpeg-static-mt.lib(jdmerge.obj) : warning LNK4099: PDB 'libjpeg-static-mt.pdb' was not found with 'libjpeg-static-mt.lib(jdmerge.obj)' or at 'D:\Sources\Cindalnet\ImageCompare\Debug\libjpeg-static-mt.pdb'; linking object as if no debug info
     1>libjpeg-static-mt.lib(jdphuff.obj) : warning LNK4099: PDB 'libjpeg-static-mt.pdb' was not found with 'libjpeg-static-mt.lib(jdphuff.obj)' or at 'D:\Sources\Cindalnet\ImageCompare\Debug\libjpeg-static-mt.pdb'; linking object as if no debug info
     1>libjpeg-static-mt.lib(jdpostct.obj) : warning LNK4099: PDB 'libjpeg-static-mt.pdb' was not found with 'libjpeg-static-mt.lib(jdpostct.obj)' or at 'D:\Sources\Cindalnet\ImageCompare\Debug\libjpeg-static-mt.pdb'; linking object as if no debug info
     1>libjpeg-static-mt.lib(jdsample.obj) : warning LNK4099: PDB 'libjpeg-static-mt.pdb' was not found with 'libjpeg-static-mt.lib(jdsample.obj)' or at 'D:\Sources\Cindalnet\ImageCompare\Debug\libjpeg-static-mt.pdb'; linking object as if no debug info
     1>libjpeg-static-mt.lib(jerror.obj) : warning LNK4099: PDB 'libjpeg-static-mt.pdb' was not found with 'libjpeg-static-mt.lib(jerror.obj)' or at 'D:\Sources\Cindalnet\ImageCompare\Debug\libjpeg-static-mt.pdb'; linking object as if no debug info
     1>libjpeg-static-mt.lib(jidctflt.obj) : warning LNK4099: PDB 'libjpeg-static-mt.pdb' was not found with 'libjpeg-static-mt.lib(jidctflt.obj)' or at 'D:\Sources\Cindalnet\ImageCompare\Debug\libjpeg-static-mt.pdb'; linking object as if no debug info
     1>libjpeg-static-mt.lib(jidctfst.obj) : warning LNK4099: PDB 'libjpeg-static-mt.pdb' was not found with 'libjpeg-static-mt.lib(jidctfst.obj)' or at 'D:\Sources\Cindalnet\ImageCompare\Debug\libjpeg-static-mt.pdb'; linking object as if no debug info
     1>libjpeg-static-mt.lib(jidctint.obj) : warning LNK4099: PDB 'libjpeg-static-mt.pdb' was not found with 'libjpeg-static-mt.lib(jidctint.obj)' or at 'D:\Sources\Cindalnet\ImageCompare\Debug\libjpeg-static-mt.pdb'; linking object as if no debug info
     1>libjpeg-static-mt.lib(jidctred.obj) : warning LNK4099: PDB 'libjpeg-static-mt.pdb' was not found with 'libjpeg-static-mt.lib(jidctred.obj)' or at 'D:\Sources\Cindalnet\ImageCompare\Debug\libjpeg-static-mt.pdb'; linking object as if no debug info
     1>libjpeg-static-mt.lib(jmemmgr.obj) : warning LNK4099: PDB 'libjpeg-static-mt.pdb' was not found with 'libjpeg-static-mt.lib(jmemmgr.obj)' or at 'D:\Sources\Cindalnet\ImageCompare\Debug\libjpeg-static-mt.pdb'; linking object as if no debug info
     1>libjpeg-static-mt.lib(jmemnobs.obj) : warning LNK4099: PDB 'libjpeg-static-mt.pdb' was not found with 'libjpeg-static-mt.lib(jmemnobs.obj)' or at 'D:\Sources\Cindalnet\ImageCompare\Debug\libjpeg-static-mt.pdb'; linking object as if no debug info
     1>libjpeg-static-mt.lib(jquant1.obj) : warning LNK4099: PDB 'libjpeg-static-mt.pdb' was not found with 'libjpeg-static-mt.lib(jquant1.obj)' or at 'D:\Sources\Cindalnet\ImageCompare\Debug\libjpeg-static-mt.pdb'; linking object as if no debug info
     1>libjpeg-static-mt.lib(jquant2.obj) : warning LNK4099: PDB 'libjpeg-static-mt.pdb' was not found with 'libjpeg-static-mt.lib(jquant2.obj)' or at 'D:\Sources\Cindalnet\ImageCompare\Debug\libjpeg-static-mt.pdb'; linking object as if no debug info
     1>libjpeg-static-mt.lib(jutils.obj) : warning LNK4099: PDB 'libjpeg-static-mt.pdb' was not found with 'libjpeg-static-mt.lib(jutils.obj)' or at 'D:\Sources\Cindalnet\ImageCompare\Debug\libjpeg-static-mt.pdb'; linking object as if no debug info
         pHash.vcxproj -> D:\Sources\Cindalnet\ImageCompare\Debug\pHash.dll
     1>Done Building Project "d:\Sources\Cindalnet\ImageCompare\pHash\pHash.vcxproj" (Rebuild target(s)).

Build succeeded.

Time Elapsed 00:00:04.30
